7月8日：
上午：前端 Three.js 初始化 & Django 环境搭建
胡继成、袁尉文：
创建 Three.js 基础场景（太阳+地球）
添加轨道控制器、基础光源、渲染器设置
王瑞琪：
设计 HTML 控制面板（开始按钮、视角切换、时间速度按钮）
张宇轩、张喻杰：
创建 Django 项目 solar_backend，应用 viewer
配置 STATICFILES_DIRS 和模板目录
编写第一个视图  渲染首页

下午：模型加载 & 静态路径对接
袁尉文、王瑞琪配合：
把 .glb 行星模型放入 viewer/static/src/models/
修改 JavaScript 使模型路径用 {% static %} 获取
验证 earth.glb、sun.glb 加载成功

功能扩展 & 前后端联调
胡继成：
实现时间流速控制（滑块 + 快速按钮）
显示当前速度数值、加上通知提示组件
袁尉文：
设计行星配置结构（大小、轨道半径、旋转速度等）
张宇轩、张喻杰配合：
把后端数据封装为 Django 模板变量
页面加载时用 {{ planet_config_json }} 注入 JavaScript
模块            		| 状态   	| 备注                     
场景            		| 已完成 | 支持太阳系运行模拟       
模型加载        	 | 已完成 | 所有行星模型均可加载     
时间控制        	 | 已完成 | 支持滑动与按钮切换       
视角切换        	 | 已完成 | 支持自由视角与跟踪视角    
后端模板        	 | 已完成 | 用 Django 模板渲染模型路径  
后端配置管理    	  | 进行中 | 后续考虑用数据库动态配置    
部署准备        	 |准备中  |可先用 `runserver` 本地运行 